.====================================================================.
                                                                      
 .d8888b.   .o8888b.   db  .d8888b.  d8888b. d88888b d8888b.  .d888b. 
.8P    Y8. d8P    Y8   88 .8P    Y8. 88  `8D 88'     88  `8D .8P , Y8.
88      88 8P      oooo88 88      88 88oooY' 88oooo  88oobY' 88  |  88
88      88 8b      ~~~~88 88      88 88~~~b. 88~~~~  88`8b   88  |/ 88
`8b    d8' Y8b    d8   88 `8b    d8' 88   8D 88.     88 `88. `8b | d8'
 `Y8888P'   `Y8888P'   YP  `Y8888P'  Y8888P' Y88888P 88   YD  `Y888P' 
                                                                      
`========================== INSTALLATION LOG ========================'

[2016/05/16 05:02:00] Host: Linux unknown 3.13.0-37-generic #64-Ubuntu SMP Mon Sep 22 21:28:38 UTC 2014 x86_64
[2016/05/16 05:02:00] PHP version: 5.6.15
[2016/05/16 05:02:00] Server software: Apache/2.4.17 (Unix) OpenSSL/1.0.1q PHP/5.6.15 mod_perl/2.0.8-dev Perl/v5.16.3
[2016/05/16 05:02:00] Operating system: Linux
[2016/05/16 05:02:00] Memory limit: 128M
[2016/05/16 05:02:00] Max execution time: 3600
.============================ POST REQUEST ==========================.
[2016/05/16 05:02:01] Postback payload: Array
(
    [code] => phpVersion
    [handler] => onCheckRequirement
)

[2016/05/16 05:02:01] System check: phpVersion
[2016/05/16 05:02:01] Requirement phpVersion +OK
[2016/05/16 05:02:01] Execute handler (onCheckRequirement): Array
(
    [result] => 1
)

.============================ POST REQUEST ==========================.
[2016/05/16 05:02:02] Postback payload: Array
(
    [code] => curlLibrary
    [handler] => onCheckRequirement
)

[2016/05/16 05:02:02] System check: curlLibrary
[2016/05/16 05:02:02] Requirement curlLibrary +OK
[2016/05/16 05:02:02] Execute handler (onCheckRequirement): Array
(
    [result] => 1
)

.============================ POST REQUEST ==========================.
[2016/05/16 05:02:02] Postback payload: Array
(
    [code] => liveConnection
    [handler] => onCheckRequirement
)

[2016/05/16 05:02:02] System check: liveConnection
[2016/05/16 05:02:03] Server request: ping
[2016/05/16 05:02:03] Request information: Array
(
    [url] => http://octobercms.com/api/ping
    [content_type] => application/json
    [http_code] => 200
    [header_size] => 581
    [request_size] => 175
    [filetime] => -1
    [ssl_verify_result] => 0
    [redirect_count] => 0
    [total_time] => 0.900413
    [namelookup_time] => 0.449325
    [connect_time] => 0.657112
    [pretransfer_time] => 0.657272
    [size_upload] => 44
    [size_download] => 14
    [speed_download] => 15
    [speed_upload] => 48
    [download_content_length] => 14
    [upload_content_length] => 44
    [starttransfer_time] => 0.900321
    [redirect_time] => 0
    [redirect_url] => 
    [primary_ip] => 50.116.3.170
    [certinfo] => Array
        (
        )

    [primary_port] => 80
    [local_ip] => 192.168.0.17
    [local_port] => 37551
)

[2016/05/16 05:02:03] Requirement liveConnection +OK
[2016/05/16 05:02:03] Execute handler (onCheckRequirement): Array
(
    [result] => 1
)

.============================ POST REQUEST ==========================.
[2016/05/16 05:02:04] Postback payload: Array
(
    [code] => writePermission
    [handler] => onCheckRequirement
)

[2016/05/16 05:02:04] System check: writePermission
[2016/05/16 05:02:04] Requirement writePermission +OK
[2016/05/16 05:02:04] Execute handler (onCheckRequirement): Array
(
    [result] => 1
)

.============================ POST REQUEST ==========================.
[2016/05/16 05:02:04] Postback payload: Array
(
    [code] => pdoLibrary
    [handler] => onCheckRequirement
)

[2016/05/16 05:02:04] System check: pdoLibrary
[2016/05/16 05:02:04] Requirement pdoLibrary +OK
[2016/05/16 05:02:04] Execute handler (onCheckRequirement): Array
(
    [result] => 1
)

.============================ POST REQUEST ==========================.
[2016/05/16 05:02:05] Postback payload: Array
(
    [code] => mcryptLibrary
    [handler] => onCheckRequirement
)

[2016/05/16 05:02:05] System check: mcryptLibrary
[2016/05/16 05:02:05] Requirement mcryptLibrary +OK
[2016/05/16 05:02:05] Execute handler (onCheckRequirement): Array
(
    [result] => 1
)

.============================ POST REQUEST ==========================.
[2016/05/16 05:02:05] Postback payload: Array
(
    [code] => mbstringLibrary
    [handler] => onCheckRequirement
)

[2016/05/16 05:02:05] System check: mbstringLibrary
[2016/05/16 05:02:05] Requirement mbstringLibrary +OK
[2016/05/16 05:02:05] Execute handler (onCheckRequirement): Array
(
    [result] => 1
)

.============================ POST REQUEST ==========================.
[2016/05/16 05:02:06] Postback payload: Array
(
    [code] => sslLibrary
    [handler] => onCheckRequirement
)

[2016/05/16 05:02:06] System check: sslLibrary
[2016/05/16 05:02:06] Requirement sslLibrary +OK
[2016/05/16 05:02:06] Execute handler (onCheckRequirement): Array
(
    [result] => 1
)

.============================ POST REQUEST ==========================.
[2016/05/16 05:02:06] Postback payload: Array
(
    [code] => zipLibrary
    [handler] => onCheckRequirement
)

[2016/05/16 05:02:06] System check: zipLibrary
[2016/05/16 05:02:06] Requirement zipLibrary +OK
[2016/05/16 05:02:06] Execute handler (onCheckRequirement): Array
(
    [result] => 1
)

.============================ POST REQUEST ==========================.
[2016/05/16 05:02:07] Postback payload: Array
(
    [code] => gdLibrary
    [handler] => onCheckRequirement
)

[2016/05/16 05:02:07] System check: gdLibrary
[2016/05/16 05:02:07] Requirement gdLibrary +OK
[2016/05/16 05:02:07] Execute handler (onCheckRequirement): Array
(
    [result] => 1
)

.============================ POST REQUEST ==========================.
[2016/05/16 05:02:29] Postback payload: Array
(
    [db_type] => mysql
    [db_host] => localhost
    [db_port] => 
    [db_name] => company
    [db_user] => company
    [db_pass] => *******
    [admin_first_name] => Admin
    [admin_last_name] => Person
    [admin_email] => *******@*****.com
    [admin_login] => admin
    [admin_password] => *******
    [admin_confirm_password] => *******
    [backend_uri] => /backend
    [encryption_code] => *******
    [file_mask] => 777
    [folder_mask] => 777
    [handler] => onValidateDatabase
)

[2016/05/16 05:02:29] Handler error (onValidateDatabase): Connection failed: SQLSTATE[HY000] [2002] No such file or directory
[2016/05/16 05:02:29] Trace log:
#0 /opt/lampp/htdocs/company/install_files/php/Installer.php(48): Installer->onValidateDatabase()
#1 /opt/lampp/htdocs/company/install_files/php/boot.php(74): Installer->__construct()
#2 /opt/lampp/htdocs/company/install.php(1): include('/opt/lampp/htdo...')
#3 {main}
.============================ POST REQUEST ==========================.
[2016/05/16 05:04:24] Postback payload: Array
(
    [db_type] => mysql
    [db_host] => 127.0.0.1
    [db_port] => 3306
    [db_name] => company
    [db_user] => company
    [db_pass] => *******
    [admin_first_name] => Admin
    [admin_last_name] => Person
    [admin_email] => *******@*****.com
    [admin_login] => admin
    [admin_password] => *******
    [admin_confirm_password] => *******
    [backend_uri] => /backend
    [encryption_code] => *******
    [file_mask] => 777
    [folder_mask] => 777
    [handler] => onValidateDatabase
)

.============================ POST REQUEST ==========================.
[2016/05/16 05:04:24] Postback payload: Array
(
    [db_type] => mysql
    [db_host] => 127.0.0.1
    [db_port] => 3306
    [db_name] => company
    [db_user] => company
    [db_pass] => *******
    [admin_first_name] => Admin
    [admin_last_name] => Person
    [admin_email] => *******@*****.com
    [admin_login] => admin
    [admin_password] => *******
    [admin_confirm_password] => *******
    [backend_uri] => /backend
    [encryption_code] => *******
    [file_mask] => 777
    [folder_mask] => 777
    [handler] => onValidateAdminAccount
)

[2016/05/16 05:04:24] Handler error (onValidateAdminAccount): Please specify password
[2016/05/16 05:04:24] Trace log:
#0 /opt/lampp/htdocs/company/install_files/php/Installer.php(48): Installer->onValidateAdminAccount()
#1 /opt/lampp/htdocs/company/install_files/php/boot.php(74): Installer->__construct()
#2 /opt/lampp/htdocs/company/install.php(1): include('/opt/lampp/htdo...')
#3 {main}
.============================ POST REQUEST ==========================.
[2016/05/16 05:04:37] Postback payload: Array
(
    [db_type] => mysql
    [db_host] => 127.0.0.1
    [db_port] => 3306
    [db_name] => company
    [db_user] => company
    [db_pass] => *******
    [admin_first_name] => Admin
    [admin_last_name] => Person
    [admin_email] => *******@*****.com
    [admin_login] => admin
    [admin_password] => *******
    [admin_confirm_password] => *******
    [backend_uri] => /backend
    [encryption_code] => *******
    [file_mask] => 777
    [folder_mask] => 777
    [handler] => onValidateDatabase
)

.============================ POST REQUEST ==========================.
[2016/05/16 05:04:37] Postback payload: Array
(
    [db_type] => mysql
    [db_host] => 127.0.0.1
    [db_port] => 3306
    [db_name] => company
    [db_user] => company
    [db_pass] => *******
    [admin_first_name] => Admin
    [admin_last_name] => Person
    [admin_email] => *******@*****.com
    [admin_login] => admin
    [admin_password] => *******
    [admin_confirm_password] => *******
    [backend_uri] => /backend
    [encryption_code] => *******
    [file_mask] => 777
    [folder_mask] => 777
    [handler] => onValidateAdminAccount
)

.============================ POST REQUEST ==========================.
[2016/05/16 05:04:37] Postback payload: Array
(
    [db_type] => mysql
    [db_host] => 127.0.0.1
    [db_port] => 3306
    [db_name] => company
    [db_user] => company
    [db_pass] => *******
    [admin_first_name] => Admin
    [admin_last_name] => Person
    [admin_email] => *******@*****.com
    [admin_login] => admin
    [admin_password] => *******
    [admin_confirm_password] => *******
    [backend_uri] => /backend
    [encryption_code] => *******
    [file_mask] => 777
    [folder_mask] => 777
    [handler] => onValidateAdvancedConfig
)

.============================ POST REQUEST ==========================.
[2016/05/16 05:04:42] Postback payload: Array
(
    [handler] => onGetPopularThemes
)

[2016/05/16 05:04:43] Server request: theme/popular
[2016/05/16 05:04:43] Request information: Array
(
    [url] => http://octobercms.com/api/theme/popular
    [content_type] => application/json
    [http_code] => 200
    [header_size] => 587
    [request_size] => 184
    [filetime] => -1
    [ssl_verify_result] => 0
    [redirect_count] => 0
    [total_time] => 0.632007
    [namelookup_time] => 0.12387
    [connect_time] => 0.342713
    [pretransfer_time] => 0.342847
    [size_upload] => 44
    [size_download] => 1819
    [speed_download] => 2878
    [speed_upload] => 69
    [download_content_length] => 1819
    [upload_content_length] => 44
    [starttransfer_time] => 0.626315
    [redirect_time] => 0
    [redirect_url] => 
    [primary_ip] => 50.116.3.170
    [certinfo] => Array
        (
        )

    [primary_port] => 80
    [local_ip] => 192.168.0.17
    [local_port] => 37596
)

[2016/05/16 05:04:43] Execute handler (onGetPopularThemes): Array
(
    [0] => Array
        (
            [name] => Relax
            [description] => A fictional site called House of Chairs that demonstrates how to build a client-friendly website.
            [code] => RainLab.Relax
            [updated_at] => 2015-07-01 19:16:08
            [image] => http://octobercms.com/storage/app/uploads/public/559/49e/2da/thumb_2585_210x140_0_0_crop.jpg
            [author] => RainLab
            [hash] => a35c64b09ad6347b8a226291e5b8fd75
            [demo_url] => 
            [product_url] => http://octobercms.com/theme/rainlab-relax
        )

    [1] => Array
        (
            [name] => Vanilla
            [description] => A plain starter template that implements account management, a blog and community forum.
            [code] => RainLab.Vanilla
            [updated_at] => 2015-04-14 16:37:36
            [image] => http://octobercms.com/storage/app/uploads/public/552/da4/0f8/thumb_2106_210x140_0_0_crop.jpg
            [author] => RainLab
            [hash] => 4b893d1c085a298e9b9b1d13635a675f
            [demo_url] => 
            [product_url] => http://octobercms.com/theme/rainlab-vanilla
        )

    [2] => Array
        (
            [name] => Squad
            [description] => Squad is a free Bootstrap template from BootstrapTaste for creatives, with a simple and modern layout.
            [code] => FabricioRabelo.Squad
            [updated_at] => 2015-03-13 03:12:19
            [image] => http://octobercms.com/storage/app/uploads/public/550/1dc/ab8/thumb_1856_210x140_0_0_crop.jpg
            [author] => Fabricio Rabelo
            [hash] => 51d8895eebb41014c40666339c9547a5
            [demo_url] => http://squad.fabriciorabelo.com
            [product_url] => http://octobercms.com/theme/fabriciorabelo-squad
        )

    [3] => Array
        (
            [name] => Flat UI
            [description] => A theme that uses a Flat user-interface and has no dependencies on others plugins.
            [code] => Responsiv.Flat
            [updated_at] => 2014-07-23 21:32:51
            [image] => http://octobercms.com/storage/app/uploads/public/53d/084/fbc/thumb_543_210x140_0_0_crop.jpg
            [author] => Responsiv Internet
            [hash] => 463117738421d4b358accaec12d252dd
            [demo_url] => 
            [product_url] => http://octobercms.com/theme/responsiv-flat
        )

)

.============================ POST REQUEST ==========================.
[2016/05/16 05:05:01] Postback payload: Array
(
    [name] => RainLab.Vanilla
    [handler] => onThemeDetails
)

[2016/05/16 05:05:02] Server request: theme/detail
[2016/05/16 05:05:02] Request information: Array
(
    [url] => http://octobercms.com/api/theme/detail
    [content_type] => application/json
    [http_code] => 200
    [header_size] => 579
    [request_size] => 204
    [filetime] => -1
    [ssl_verify_result] => 0
    [redirect_count] => 0
    [total_time] => 0.503569
    [namelookup_time] => 0.017668
    [connect_time] => 0.217127
    [pretransfer_time] => 0.217289
    [size_upload] => 65
    [size_download] => 1204
    [speed_download] => 2390
    [speed_upload] => 129
    [download_content_length] => 1204
    [upload_content_length] => 65
    [starttransfer_time] => 0.502578
    [redirect_time] => 0
    [redirect_url] => 
    [primary_ip] => 50.116.3.170
    [certinfo] => Array
        (
        )

    [primary_port] => 80
    [local_ip] => 192.168.0.17
    [local_port] => 37605
)

[2016/05/16 05:05:02] Execute handler (onThemeDetails): Array
(
    [name] => Vanilla
    [description] => A plain starter template that implements account management, a blog and community forum.
    [code] => RainLab.Vanilla
    [updated_at] => 2015-04-14 16:37:36
    [image] => http://octobercms.com/storage/app/uploads/public/552/da4/0f8/thumb_2106_210x140_0_0_crop.jpg
    [author] => RainLab
    [hash] => 4b893d1c085a298e9b9b1d13635a675f
    [demo_url] => 
    [product_url] => http://octobercms.com/theme/rainlab-vanilla
    [require] => Array
        (
            [0] => Array
                (
                    [name] => User
                    [description] => Front-end user management.
                    [code] => RainLab.User
                    [updated_at] => 2014-05-02 00:49:16
                    [image] => http://placehold.it/64x64
                    [author] => October
                    [hash] => 26ad4a3ae254af7221705a3772d4bc59
                    [demo_url] => 
                    [product_url] => 
                )

            [1] => Array
                (
                    [name] => Blog
                    [description] => A robust blogging platform.
                    [code] => RainLab.Blog
                    [updated_at] => 2014-05-02 01:17:59
                    [image] => http://placehold.it/64x64
                    [author] => October
                    [hash] => 8133b3ff982bfc5ade5a25e7f33a6fbe
                    [demo_url] => 
                    [product_url] => 
                )

            [2] => Array
                (
                    [name] => Forum
                    [description] => A simple embeddable forum
                    [code] => RainLab.Forum
                    [updated_at] => 2014-05-12 01:56:26
                    [image] => http://placehold.it/64x64
                    [author] => October
                    [hash] => 9562492b524419a9b60d24789a5ebfaf
                    [demo_url] => 
                    [product_url] => 
                )

        )

)

.============================ POST REQUEST ==========================.
[2016/05/16 05:05:02] Postback payload: Array
(
    [step] => getMetaData
    [meta] => 
    [plugins] => Array
        (
            [0] => Array
                (
                    [name] => User
                    [description] => Front-end user management.
                    [code] => RainLab.User
                    [updated_at] => 2014-05-02 00:49:16
                    [image] => http://placehold.it/64x64
                    [author] => October
                    [hash] => 26ad4a3ae254af7221705a3772d4bc59
                    [demo_url] => 
                    [product_url] => 
                )

            [1] => Array
                (
                    [name] => Blog
                    [description] => A robust blogging platform.
                    [code] => RainLab.Blog
                    [updated_at] => 2014-05-02 01:17:59
                    [image] => http://placehold.it/64x64
                    [author] => October
                    [hash] => 8133b3ff982bfc5ade5a25e7f33a6fbe
                    [demo_url] => 
                    [product_url] => 
                )

            [2] => Array
                (
                    [name] => Forum
                    [description] => A simple embeddable forum
                    [code] => RainLab.Forum
                    [updated_at] => 2014-05-12 01:56:26
                    [image] => http://placehold.it/64x64
                    [author] => October
                    [hash] => 9562492b524419a9b60d24789a5ebfaf
                    [demo_url] => 
                    [product_url] => 
                )

        )

    [themes] => Array
        (
            [0] => Array
                (
                    [name] => Vanilla
                    [description] => A plain starter template that implements account management, a blog and community forum.
                    [code] => RainLab.Vanilla
                    [updated_at] => 2015-04-14 16:37:36
                    [image] => http://octobercms.com/storage/app/uploads/public/552/da4/0f8/thumb_2106_210x140_0_0_crop.jpg
                    [author] => RainLab
                    [hash] => 4b893d1c085a298e9b9b1d13635a675f
                    [demo_url] => 
                    [product_url] => http://octobercms.com/theme/rainlab-vanilla
                    [require] => Array
                        (
                            [0] => Array
                                (
                                    [name] => User
                                    [description] => Front-end user management.
                                    [code] => RainLab.User
                                    [updated_at] => 2014-05-02 00:49:16
                                    [image] => http://placehold.it/64x64
                                    [author] => October
                                    [hash] => 26ad4a3ae254af7221705a3772d4bc59
                                    [demo_url] => 
                                    [product_url] => 
                                )

                            [1] => Array
                                (
                                    [name] => Blog
                                    [description] => A robust blogging platform.
                                    [code] => RainLab.Blog
                                    [updated_at] => 2014-05-02 01:17:59
                                    [image] => http://placehold.it/64x64
                                    [author] => October
                                    [hash] => 8133b3ff982bfc5ade5a25e7f33a6fbe
                                    [demo_url] => 
                                    [product_url] => 
                                )

                            [2] => Array
                                (
                                    [name] => Forum
                                    [description] => A simple embeddable forum
                                    [code] => RainLab.Forum
                                    [updated_at] => 2014-05-12 01:56:26
                                    [image] => http://placehold.it/64x64
                                    [author] => October
                                    [hash] => 9562492b524419a9b60d24789a5ebfaf
                                    [demo_url] => 
                                    [product_url] => 
                                )

                        )

                )

        )

    [handler] => onInstallStep
)

[2016/05/16 05:05:02] Install step: getMetaData
[2016/05/16 05:05:02] Server request: core/install
[2016/05/16 05:05:02] Request information: Array
(
    [url] => http://octobercms.com/api/core/install
    [content_type] => application/json
    [http_code] => 200
    [header_size] => 582
    [request_size] => 299
    [filetime] => -1
    [ssl_verify_result] => 0
    [redirect_count] => 0
    [total_time] => 0.528817
    [namelookup_time] => 5.5E-5
    [connect_time] => 0.206331
    [pretransfer_time] => 0.206439
    [size_upload] => 159
    [size_download] => 336
    [speed_download] => 635
    [speed_upload] => 300
    [download_content_length] => 336
    [upload_content_length] => 159
    [starttransfer_time] => 0.528693
    [redirect_time] => 0
    [redirect_url] => 
    [primary_ip] => 50.116.3.170
    [certinfo] => Array
        (
        )

    [primary_port] => 80
    [local_ip] => 192.168.0.17
    [local_port] => 37606
)

[2016/05/16 05:05:02] Step getMetaData +OK
[2016/05/16 05:05:02] Execute handler (onInstallStep): Array
(
    [result] => Array
        (
            [core] => Array
                (
                    [hash] => 5bad5dfd5b1f17d2796be2433f52081d
                    [build] => 318
                    [uhash] => 4eee9cc90101d85359af6f8a43cc8e05
                )

            [plugins] => Array
                (
                    [RainLab.Blog] => 8133b3ff982bfc5ade5a25e7f33a6fbe
                    [RainLab.Forum] => 9562492b524419a9b60d24789a5ebfaf
                    [RainLab.User] => 26ad4a3ae254af7221705a3772d4bc59
                )

            [themes] => Array
                (
                    [RainLab.Vanilla] => 4b893d1c085a298e9b9b1d13635a675f
                )

        )

)

.============================ POST REQUEST ==========================.
[2016/05/16 05:05:02] Postback payload: Array
(
    [step] => downloadCore
    [meta] => Array
        (
            [core] => Array
                (
                    [hash] => 5bad5dfd5b1f17d2796be2433f52081d
                    [build] => 318
                    [uhash] => 4eee9cc90101d85359af6f8a43cc8e05
                )

            [plugins] => Array
                (
                    [RainLab.Blog] => 8133b3ff982bfc5ade5a25e7f33a6fbe
                    [RainLab.Forum] => 9562492b524419a9b60d24789a5ebfaf
                    [RainLab.User] => 26ad4a3ae254af7221705a3772d4bc59
                )

            [themes] => Array
                (
                    [RainLab.Vanilla] => 4b893d1c085a298e9b9b1d13635a675f
                )

        )

    [handler] => onInstallStep
)

[2016/05/16 05:05:02] Install step: downloadCore
[2016/05/16 05:05:28] Saving to file (core): /opt/lampp/htdocs/company/install_files/temp/a74ad8dfacd4f985eb3977517615ce25.arc
[2016/05/16 05:05:28] Step downloadCore +OK
[2016/05/16 05:05:28] Execute handler (onInstallStep): Array
(
    [result] => 
)

.============================ POST REQUEST ==========================.
[2016/05/16 05:05:28] Postback payload: Array
(
    [step] => downloadPlugin
    [meta] => Array
        (
            [core] => Array
                (
                    [hash] => 5bad5dfd5b1f17d2796be2433f52081d
                    [build] => 318
                    [uhash] => 4eee9cc90101d85359af6f8a43cc8e05
                )

            [plugins] => Array
                (
                    [RainLab.Blog] => 8133b3ff982bfc5ade5a25e7f33a6fbe
                    [RainLab.Forum] => 9562492b524419a9b60d24789a5ebfaf
                    [RainLab.User] => 26ad4a3ae254af7221705a3772d4bc59
                )

            [themes] => Array
                (
                    [RainLab.Vanilla] => 4b893d1c085a298e9b9b1d13635a675f
                )

        )

    [name] => RainLab.User
    [handler] => onInstallStep
)

[2016/05/16 05:05:28] Install step: downloadPlugin
[2016/05/16 05:05:29] Saving to file (RainLab.User-plugin): /opt/lampp/htdocs/company/install_files/temp/cb06f7335746d285c7d743325010ffae.arc
[2016/05/16 05:05:29] Step downloadPlugin +OK
[2016/05/16 05:05:29] Execute handler (onInstallStep): Array
(
    [result] => 
)

.============================ POST REQUEST ==========================.
[2016/05/16 05:05:29] Postback payload: Array
(
    [step] => downloadPlugin
    [meta] => Array
        (
            [core] => Array
                (
                    [hash] => 5bad5dfd5b1f17d2796be2433f52081d
                    [build] => 318
                    [uhash] => 4eee9cc90101d85359af6f8a43cc8e05
                )

            [plugins] => Array
                (
                    [RainLab.Blog] => 8133b3ff982bfc5ade5a25e7f33a6fbe
                    [RainLab.Forum] => 9562492b524419a9b60d24789a5ebfaf
                    [RainLab.User] => 26ad4a3ae254af7221705a3772d4bc59
                )

            [themes] => Array
                (
                    [RainLab.Vanilla] => 4b893d1c085a298e9b9b1d13635a675f
                )

        )

    [name] => RainLab.Blog
    [handler] => onInstallStep
)

[2016/05/16 05:05:29] Install step: downloadPlugin
[2016/05/16 05:05:30] Saving to file (RainLab.Blog-plugin): /opt/lampp/htdocs/company/install_files/temp/33b538b0804bdcfce25684369ded882c.arc
[2016/05/16 05:05:30] Step downloadPlugin +OK
[2016/05/16 05:05:30] Execute handler (onInstallStep): Array
(
    [result] => 
)

.============================ POST REQUEST ==========================.
[2016/05/16 05:05:31] Postback payload: Array
(
    [step] => downloadPlugin
    [meta] => Array
        (
            [core] => Array
                (
                    [hash] => 5bad5dfd5b1f17d2796be2433f52081d
                    [build] => 318
                    [uhash] => 4eee9cc90101d85359af6f8a43cc8e05
                )

            [plugins] => Array
                (
                    [RainLab.Blog] => 8133b3ff982bfc5ade5a25e7f33a6fbe
                    [RainLab.Forum] => 9562492b524419a9b60d24789a5ebfaf
                    [RainLab.User] => 26ad4a3ae254af7221705a3772d4bc59
                )

            [themes] => Array
                (
                    [RainLab.Vanilla] => 4b893d1c085a298e9b9b1d13635a675f
                )

        )

    [name] => RainLab.Forum
    [handler] => onInstallStep
)

[2016/05/16 05:05:31] Install step: downloadPlugin
[2016/05/16 05:05:31] Saving to file (RainLab.Forum-plugin): /opt/lampp/htdocs/company/install_files/temp/234c122362493b8ee19e78c83d4606aa.arc
[2016/05/16 05:05:31] Step downloadPlugin +OK
[2016/05/16 05:05:31] Execute handler (onInstallStep): Array
(
    [result] => 
)

.============================ POST REQUEST ==========================.
[2016/05/16 05:05:32] Postback payload: Array
(
    [step] => downloadTheme
    [meta] => Array
        (
            [core] => Array
                (
                    [hash] => 5bad5dfd5b1f17d2796be2433f52081d
                    [build] => 318
                    [uhash] => 4eee9cc90101d85359af6f8a43cc8e05
                )

            [plugins] => Array
                (
                    [RainLab.Blog] => 8133b3ff982bfc5ade5a25e7f33a6fbe
                    [RainLab.Forum] => 9562492b524419a9b60d24789a5ebfaf
                    [RainLab.User] => 26ad4a3ae254af7221705a3772d4bc59
                )

            [themes] => Array
                (
                    [RainLab.Vanilla] => 4b893d1c085a298e9b9b1d13635a675f
                )

        )

    [name] => RainLab.Vanilla
    [handler] => onInstallStep
)

[2016/05/16 05:05:32] Install step: downloadTheme
[2016/05/16 05:05:35] Saving to file (RainLab.Vanilla-theme): /opt/lampp/htdocs/company/install_files/temp/299661570020b0550cc0c623eeff248a.arc
[2016/05/16 05:05:35] Step downloadTheme +OK
[2016/05/16 05:05:35] Execute handler (onInstallStep): Array
(
    [result] => 
)

.============================ POST REQUEST ==========================.
[2016/05/16 05:05:36] Postback payload: Array
(
    [step] => extractCore
    [meta] => Array
        (
            [core] => Array
                (
                    [hash] => 5bad5dfd5b1f17d2796be2433f52081d
                    [build] => 318
                    [uhash] => 4eee9cc90101d85359af6f8a43cc8e05
                )

            [plugins] => Array
                (
                    [RainLab.Blog] => 8133b3ff982bfc5ade5a25e7f33a6fbe
                    [RainLab.Forum] => 9562492b524419a9b60d24789a5ebfaf
                    [RainLab.User] => 26ad4a3ae254af7221705a3772d4bc59
                )

            [themes] => Array
                (
                    [RainLab.Vanilla] => 4b893d1c085a298e9b9b1d13635a675f
                )

        )

    [handler] => onInstallStep
)

[2016/05/16 05:05:36] Install step: extractCore
[2016/05/16 05:05:36] Extracting file (core): a74ad8dfacd4f985eb3977517615ce25.arc
[2016/05/16 05:05:45] Step extractCore +OK
[2016/05/16 05:05:45] Execute handler (onInstallStep): Array
(
    [result] => 1
)

.============================ POST REQUEST ==========================.
[2016/05/16 05:05:45] Postback payload: Array
(
    [step] => extractPlugin
    [meta] => Array
        (
            [core] => Array
                (
                    [hash] => 5bad5dfd5b1f17d2796be2433f52081d
                    [build] => 318
                    [uhash] => 4eee9cc90101d85359af6f8a43cc8e05
                )

            [plugins] => Array
                (
                    [RainLab.Blog] => 8133b3ff982bfc5ade5a25e7f33a6fbe
                    [RainLab.Forum] => 9562492b524419a9b60d24789a5ebfaf
                    [RainLab.User] => 26ad4a3ae254af7221705a3772d4bc59
                )

            [themes] => Array
                (
                    [RainLab.Vanilla] => 4b893d1c085a298e9b9b1d13635a675f
                )

        )

    [name] => RainLab.User
    [handler] => onInstallStep
)

[2016/05/16 05:05:45] Install step: extractPlugin
[2016/05/16 05:05:45] Extracting file (RainLab.User-plugin): cb06f7335746d285c7d743325010ffae.arc
[2016/05/16 05:05:45] Step extractPlugin +OK
[2016/05/16 05:05:45] Execute handler (onInstallStep): Array
(
    [result] => 1
)

.============================ POST REQUEST ==========================.
[2016/05/16 05:05:46] Postback payload: Array
(
    [step] => extractPlugin
    [meta] => Array
        (
            [core] => Array
                (
                    [hash] => 5bad5dfd5b1f17d2796be2433f52081d
                    [build] => 318
                    [uhash] => 4eee9cc90101d85359af6f8a43cc8e05
                )

            [plugins] => Array
                (
                    [RainLab.Blog] => 8133b3ff982bfc5ade5a25e7f33a6fbe
                    [RainLab.Forum] => 9562492b524419a9b60d24789a5ebfaf
                    [RainLab.User] => 26ad4a3ae254af7221705a3772d4bc59
                )

            [themes] => Array
                (
                    [RainLab.Vanilla] => 4b893d1c085a298e9b9b1d13635a675f
                )

        )

    [name] => RainLab.Blog
    [handler] => onInstallStep
)

[2016/05/16 05:05:46] Install step: extractPlugin
[2016/05/16 05:05:46] Extracting file (RainLab.Blog-plugin): 33b538b0804bdcfce25684369ded882c.arc
[2016/05/16 05:05:46] Step extractPlugin +OK
[2016/05/16 05:05:46] Execute handler (onInstallStep): Array
(
    [result] => 1
)

.============================ POST REQUEST ==========================.
[2016/05/16 05:05:46] Postback payload: Array
(
    [step] => extractPlugin
    [meta] => Array
        (
            [core] => Array
                (
                    [hash] => 5bad5dfd5b1f17d2796be2433f52081d
                    [build] => 318
                    [uhash] => 4eee9cc90101d85359af6f8a43cc8e05
                )

            [plugins] => Array
                (
                    [RainLab.Blog] => 8133b3ff982bfc5ade5a25e7f33a6fbe
                    [RainLab.Forum] => 9562492b524419a9b60d24789a5ebfaf
                    [RainLab.User] => 26ad4a3ae254af7221705a3772d4bc59
                )

            [themes] => Array
                (
                    [RainLab.Vanilla] => 4b893d1c085a298e9b9b1d13635a675f
                )

        )

    [name] => RainLab.Forum
    [handler] => onInstallStep
)

[2016/05/16 05:05:46] Install step: extractPlugin
[2016/05/16 05:05:46] Extracting file (RainLab.Forum-plugin): 234c122362493b8ee19e78c83d4606aa.arc
[2016/05/16 05:05:46] Step extractPlugin +OK
[2016/05/16 05:05:46] Execute handler (onInstallStep): Array
(
    [result] => 1
)

.============================ POST REQUEST ==========================.
[2016/05/16 05:05:46] Postback payload: Array
(
    [step] => extractTheme
    [meta] => Array
        (
            [core] => Array
                (
                    [hash] => 5bad5dfd5b1f17d2796be2433f52081d
                    [build] => 318
                    [uhash] => 4eee9cc90101d85359af6f8a43cc8e05
                )

            [plugins] => Array
                (
                    [RainLab.Blog] => 8133b3ff982bfc5ade5a25e7f33a6fbe
                    [RainLab.Forum] => 9562492b524419a9b60d24789a5ebfaf
                    [RainLab.User] => 26ad4a3ae254af7221705a3772d4bc59
                )

            [themes] => Array
                (
                    [RainLab.Vanilla] => 4b893d1c085a298e9b9b1d13635a675f
                )

        )

    [name] => RainLab.Vanilla
    [handler] => onInstallStep
)

[2016/05/16 05:05:46] Install step: extractTheme
[2016/05/16 05:05:46] Extracting file (RainLab.Vanilla-theme): 299661570020b0550cc0c623eeff248a.arc
[2016/05/16 05:05:47] Step extractTheme +OK
[2016/05/16 05:05:47] Execute handler (onInstallStep): Array
(
    [result] => 1
)

.============================ POST REQUEST ==========================.
[2016/05/16 05:05:47] Postback payload: Array
(
    [step] => setupConfig
    [meta] => Array
        (
            [core] => Array
                (
                    [hash] => 5bad5dfd5b1f17d2796be2433f52081d
                    [build] => 318
                    [uhash] => 4eee9cc90101d85359af6f8a43cc8e05
                )

            [plugins] => Array
                (
                    [RainLab.Blog] => 8133b3ff982bfc5ade5a25e7f33a6fbe
                    [RainLab.Forum] => 9562492b524419a9b60d24789a5ebfaf
                    [RainLab.User] => 26ad4a3ae254af7221705a3772d4bc59
                )

            [themes] => Array
                (
                    [RainLab.Vanilla] => 4b893d1c085a298e9b9b1d13635a675f
                )

        )

    [db_type] => mysql
    [db_host] => 127.0.0.1
    [db_port] => 3306
    [db_name] => company
    [db_user] => company
    [db_pass] => *******
    [admin_first_name] => Admin
    [admin_last_name] => Person
    [admin_email] => *******@*****.com
    [admin_login] => admin
    [admin_password] => *******
    [admin_confirm_password] => *******
    [backend_uri] => /backend
    [encryption_code] => *******
    [file_mask] => 777
    [folder_mask] => 777
    [active_theme] => RainLab.Vanilla
    [handler] => onInstallStep
)

[2016/05/16 05:05:47] Install step: setupConfig
[2016/05/16 03:05:47] Step setupConfig +OK
[2016/05/16 03:05:47] Execute handler (onInstallStep): Array
(
    [result] => 
)

.============================ POST REQUEST ==========================.
[2016/05/16 05:05:48] Postback payload: Array
(
    [step] => createAdmin
    [meta] => Array
        (
            [core] => Array
                (
                    [hash] => 5bad5dfd5b1f17d2796be2433f52081d
                    [build] => 318
                    [uhash] => 4eee9cc90101d85359af6f8a43cc8e05
                )

            [plugins] => Array
                (
                    [RainLab.Blog] => 8133b3ff982bfc5ade5a25e7f33a6fbe
                    [RainLab.Forum] => 9562492b524419a9b60d24789a5ebfaf
                    [RainLab.User] => 26ad4a3ae254af7221705a3772d4bc59
                )

            [themes] => Array
                (
                    [RainLab.Vanilla] => 4b893d1c085a298e9b9b1d13635a675f
                )

        )

    [db_type] => mysql
    [db_host] => 127.0.0.1
    [db_port] => 3306
    [db_name] => company
    [db_user] => company
    [db_pass] => *******
    [admin_first_name] => Admin
    [admin_last_name] => Person
    [admin_email] => *******@*****.com
    [admin_login] => admin
    [admin_password] => *******
    [admin_confirm_password] => *******
    [backend_uri] => /backend
    [encryption_code] => *******
    [file_mask] => 777
    [folder_mask] => 777
    [active_theme] => RainLab.Vanilla
    [handler] => onInstallStep
)

[2016/05/16 05:05:48] Install step: createAdmin
[2016/05/16 03:06:40] Step createAdmin +OK
[2016/05/16 03:06:40] Execute handler (onInstallStep): Array
(
    [result] => 
)

.============================ POST REQUEST ==========================.
[2016/05/16 05:06:40] Postback payload: Array
(
    [disableLog] => 1
)

[2016/05/16 05:06:40] Install step: setupProject
[2016/05/16 05:06:40] Step setupProject +OK
[2016/05/16 05:06:40] Execute handler (onInstallStep): Array
(
    [result] => 
)

.============================ POST REQUEST ==========================.
[2016/05/16 05:06:41] Postback payload: Array
(
    [step] => finishInstall
    [meta] => Array
        (
            [core] => Array
                (
                    [hash] => 5bad5dfd5b1f17d2796be2433f52081d
                    [build] => 318
                    [uhash] => 4eee9cc90101d85359af6f8a43cc8e05
                )

            [plugins] => Array
                (
                    [RainLab.Blog] => 8133b3ff982bfc5ade5a25e7f33a6fbe
                    [RainLab.Forum] => 9562492b524419a9b60d24789a5ebfaf
                    [RainLab.User] => 26ad4a3ae254af7221705a3772d4bc59
                )

            [themes] => Array
                (
                    [RainLab.Vanilla] => 4b893d1c085a298e9b9b1d13635a675f
                )

        )

    [hash] => 5bad5dfd5b1f17d2796be2433f52081d
    [build] => 318
    [uhash] => 4eee9cc90101d85359af6f8a43cc8e05
    [handler] => onInstallStep
)

[2016/05/16 05:06:41] Install step: finishInstall
[2016/05/16 03:06:41] Cleaning up file: 234c122362493b8ee19e78c83d4606aa.arc
[2016/05/16 03:06:41] Cleaning up file: cb06f7335746d285c7d743325010ffae.arc
[2016/05/16 03:06:41] Cleaning up file: 33b538b0804bdcfce25684369ded882c.arc
[2016/05/16 03:06:41] Cleaning up file: a74ad8dfacd4f985eb3977517615ce25.arc
[2016/05/16 03:06:41] Cleaning up file: 299661570020b0550cc0c623eeff248a.arc
[2016/05/16 03:06:41] Step finishInstall +OK
[2016/05/16 03:06:41] Execute handler (onInstallStep): Array
(
    [result] => 
)

